<?xml version="1.0" encoding="UTF-8"?>
<!-- Generated by org.testng.reporters.JUnitReportReporter -->
<testsuite hostname="DESKTOP-GQ6TOUC" failures="0" tests="1" name="testcases.OpenAccountTest" time="1.645" errors="0" timestamp="2022-08-23T18:23:35 IST" skipped="0">
  <testcase classname="testcases.OpenAccountTest" name="openAccountTest" time="1.645"/>
  <system-out/>
</testsuite> <!-- testcases.OpenAccountTest -->
