<?xml version="1.0" encoding="UTF-8"?>
<!-- Generated by org.testng.reporters.JUnitReportReporter -->
<testsuite hostname="DESKTOP-GQ6TOUC" failures="0" tests="5" name="testcases.AddCustomerTest" time="3.155" errors="0" timestamp="2022-08-23T18:23:35 IST" skipped="0">
  <testcase classname="testcases.AddCustomerTest" name="addCustomer" time="0.510"/>
  <system-out/>
  <testcase classname="testcases.AddCustomerTest" name="addCustomer" time="0.455"/>
  <system-out/>
  <testcase classname="testcases.AddCustomerTest" name="addCustomer" time="1.101"/>
  <system-out/>
  <testcase classname="testcases.AddCustomerTest" name="addCustomer" time="0.630"/>
  <system-out/>
  <testcase classname="testcases.AddCustomerTest" name="addCustomer" time="0.459"/>
  <system-out/>
</testsuite> <!-- testcases.AddCustomerTest -->
