<?xml version="1.0" encoding="UTF-8"?>
<!-- Generated by org.testng.reporters.JUnitReportReporter -->
<testsuite hostname="DESKTOP-GQ6TOUC" failures="0" tests="1" name="testcases.LoginTest" time="10.126" errors="0" timestamp="2022-08-17T19:35:37 IST" skipped="0">
  <testcase classname="testcases.LoginTest" name="loginAsBankManager" time="10.126"/>
  <system-out/>
</testsuite> <!-- testcases.LoginTest -->
